<?xml version="1.0" encoding="UTF-8"?>
<testsuite xmlns:xsi="http://www.w3.org/2001/XMLSchema-instance" xsi:noNamespaceSchemaLocation="https://maven.apache.org/surefire/maven-surefire-plugin/xsd/surefire-test-report-3.0.xsd" version="3.0" name="com.javax0.blog.hiddenclasses.TestHiddenClassLoader" time="0.681" tests="8" errors="0" skipped="0" failures="0">
  <properties>
[...]
</properties>
  <testcase name="sayFluentHello" classname="com.javax0.blog.hiddenclasses.TestHiddenClassLoader" time="0.313">
    <system-out><![CDATA[Hello, from the hidden class.
]]></system-out>
  </testcase>
  <testcase name="sayHello" classname="com.javax0.blog.hiddenclasses.TestHiddenClassLoader" time="0.041"/>
  <testcase name="sayHelloTwice" classname="com.javax0.blog.hiddenclasses.TestHiddenClassLoader" time="0.075">
    <system-out><![CDATA[Hello, from the hidden class.
Hello, from the other hidden class.
Hello, from the hidden class.
Hello, from the other hidden class.
]]></system-out>
  </testcase>
  <testcase name="failingLoad" classname="com.javax0.blog.hiddenclasses.TestHiddenClassLoader" time="0.098"/>
  <testcase name="testInnerClassCreationFetchLookup" classname="com.javax0.blog.hiddenclasses.TestHiddenClassLoader" time="0.034"/>
  <testcase name="sayHelloToSB" classname="com.javax0.blog.hiddenclasses.TestHiddenClassLoader" time="0.028">
    <system-out><![CDATA[Hello, from the hidden class.
]]></system-out>
  </testcase>
  <testcase name="initVsNonInit" classname="com.javax0.blog.hiddenclasses.TestHiddenClassLoader" time="0.055">
    <system-out><![CDATA[Class A is initialized
]]></system-out>
  </testcase>
  <testcase name="failingLoadOtherPackage" classname="com.javax0.blog.hiddenclasses.TestHiddenClassLoader" time="0.027"/>
</testsuite>